

times in msec
 clock   self+sourced   self:  sourced script
 clock   elapsed:              other lines

000.010  000.010: --- NVIM STARTING ---
000.424  000.415: locale set
000.887  000.462: inits 1
000.905  000.018: window checked
000.912  000.006: parsing arguments
005.084  004.172: expanding arguments
005.119  000.036: inits 2
006.005  000.885: init highlight
006.007  000.003: waiting for UI
007.208  001.200: done waiting for UI
007.225  000.017: init screen for UI
007.263  000.038: init default mappings
007.316  000.053: init default autocommands
008.637  000.100  000.100: sourcing /usr/share/nvim/runtime/ftplugin.vim
008.849  000.083  000.083: sourcing /usr/share/nvim/runtime/indent.vim
008.940  000.020  000.020: sourcing /usr/share/nvim/archlinux.vim
008.947  000.059  000.039: sourcing /etc/xdg/nvim/sysinit.vim
044.475  018.232  018.232: sourcing /home/dat/.local/share/nvim/site/pack/packer/start/nvim-dracula/colors/dracula.lua
073.979  065.001  046.769: sourcing /home/dat/.config/nvim/init.lua
073.995  001.437: sourcing vimrc file(s)
074.271  000.011  000.011: sourcing /usr/share/vim/vimfiles/ftdetect/PKGBUILD.vim
074.294  000.012  000.012: sourcing /usr/share/vim/vimfiles/ftdetect/augeas.vim
074.319  000.015  000.015: sourcing /usr/share/vim/vimfiles/ftdetect/conkyrc.vim
074.421  000.320  000.281: sourcing /usr/share/nvim/runtime/filetype.lua
074.450  000.015  000.015: sourcing /usr/share/nvim/runtime/filetype.vim
074.614  000.074  000.074: sourcing /usr/share/nvim/runtime/syntax/synload.vim
074.679  000.203  000.130: sourcing /usr/share/nvim/runtime/syntax/syntax.vim
075.231  000.013  000.013: sourcing /usr/share/nvim/runtime/plugin/gzip.vim
075.250  000.008  000.008: sourcing /usr/share/nvim/runtime/plugin/health.vim
075.290  000.030  000.030: sourcing /usr/share/nvim/runtime/plugin/man.vim
075.309  000.009  000.009: sourcing /usr/share/nvim/runtime/plugin/matchit.vim
075.429  000.111  000.111: sourcing /usr/share/nvim/runtime/plugin/matchparen.vim
075.460  000.016  000.016: sourcing /usr/share/nvim/runtime/plugin/netrwPlugin.vim
075.476  000.006  000.006: sourcing /usr/share/nvim/runtime/plugin/rplugin.vim
075.530  000.046  000.046: sourcing /usr/share/nvim/runtime/plugin/shada.vim
075.566  000.017  000.017: sourcing /usr/share/nvim/runtime/plugin/spellfile.vim
075.589  000.012  000.012: sourcing /usr/share/nvim/runtime/plugin/tarPlugin.vim
075.610  000.009  000.009: sourcing /usr/share/nvim/runtime/plugin/tohtml.vim
075.634  000.014  000.014: sourcing /usr/share/nvim/runtime/plugin/tutor.vim
075.656  000.012  000.012: sourcing /usr/share/nvim/runtime/plugin/zipPlugin.vim
076.115  000.410  000.410: sourcing /usr/share/vim/vimfiles/plugin/fzf.vim
076.322  001.076: loading rtp plugins
076.577  000.029  000.029: sourcing /home/dat/.local/share/nvim/site/pack/packer/start/nvim-web-devicons/plugin/nvim-web-devicons.vim
076.702  000.028  000.028: sourcing /home/dat/.local/share/nvim/site/pack/packer/start/plenary.nvim/plugin/plenary.vim
076.806  000.013  000.013: sourcing /home/dat/.local/share/nvim/site/pack/packer/start/vim-dirtytalk/plugin/dirtytalk.vim
076.888  000.010  000.010: sourcing /home/dat/.local/share/nvim/site/pack/packer/start/which-key.nvim/plugin/which-key.vim
077.011  000.610: loading packages
077.478  000.467: loading after plugins
077.490  000.012: inits 3
078.862  001.372: reading ShaDa
079.738  000.877: opening buffers
079.898  000.159: BufEnter autocommands
079.901  000.003: editing files in windows
094.414  000.406  000.406: sourcing /home/dat/.local/share/nvim/site/pack/packer/opt/nvim-lspconfig/plugin/lspconfig.vim
094.812  000.090  000.090: sourcing /home/dat/.local/share/nvim/site/pack/packer/opt/nvim-lsp-installer/plugin/nvim-lsp-installer.vim
